<?xml version="1.0" encoding="UTF-8"?>
<!-- Generated by org.testng.reporters.JUnitReportReporter -->
<testsuite hostname="LAPTOP-6PF3SGRJ" failures="0" tests="3" name="testingInNg.DoctorTests" time="189.520" errors="0" timestamp="2020-03-11T11:01:44 EDT" skipped="0">
  <testcase classname="testingInNg.DoctorTests" name="doctorLogin" time="47.802"/>
  <testcase classname="testingInNg.DoctorTests" name="sendMsgToPatient" time="63.586"/>
  <testcase classname="testingInNg.DoctorTests" name="createCase" time="78.132"/>
</testsuite> <!-- testingInNg.DoctorTests -->
