<?xml version="1.0" encoding="UTF-8"?>
<!-- Generated by org.testng.reporters.JUnitReportReporter -->
<testsuite hostname="LAPTOP-6PF3SGRJ" failures="0" tests="3" name="testingInNg.miscellaneousTests" time="195.527" errors="0" timestamp="2020-03-11T12:04:40 EDT" skipped="0">
  <testcase classname="testingInNg.miscellaneousTests" name="PatientLogin" time="48.066"/>
  <testcase classname="testingInNg.miscellaneousTests" name="buttonFunctionality" time="78.459"/>
  <testcase classname="testingInNg.miscellaneousTests" name="wallPost" time="69.002"/>
</testsuite> <!-- testingInNg.miscellaneousTests -->
