<?xml version="1.0" encoding="UTF-8"?>
<!-- Generated by org.testng.reporters.JUnitReportReporter -->
<testsuite hostname="LAPTOP-6PF3SGRJ" failures="0" tests="4" name="testingInNg.PatientTests" time="257.315" errors="0" timestamp="2020-03-11T11:38:45 EDT" skipped="0">
  <testcase classname="testingInNg.PatientTests" name="PatientLogin" time="45.424"/>
  <testcase classname="testingInNg.PatientTests" name="sendChatToDoctor" time="68.776"/>
  <testcase classname="testingInNg.PatientTests" name="upLoadPicture" time="77.202"/>
  <testcase classname="testingInNg.PatientTests" name="wallPost" time="65.913"/>
</testsuite> <!-- testingInNg.PatientTests -->
